Using pre-set license
Built from '2020.2/staging' branch; Version is '2020.2.6f1 (8a2143876886) revision 9052483'; Using compiler version '192528614'; Build Type 'Release'
OS: 'Windows 10 Home; OS build 19044.1706; Version 2009; 64bit' Language: 'en' Physical Memory: 16286 MB
BatchMode: 1, IsHumanControllingUs: 0, StartBugReporterOnCrash: 0, Is64bit: 1, IsPro: 0

 COMMAND LINE ARGUMENTS:
C:\Program Files\Unity\Hub\Editor\2020.2.6f1\Editor\Unity.exe
-adb2
-batchMode
-noUpm
-name
AssetImportWorker0
-projectPath
D:/Games/Ecosystem Simulation
-logFile
Logs/AssetImportWorker0.log
-srvPort
57277
Successfully changed project path to: D:/Games/Ecosystem Simulation
D:/Games/Ecosystem Simulation
Using Asset Import Pipeline V2.
Refreshing native plugins compatible for Editor in 135.02 ms, found 3 plugins.
Preloading 0 native plugins for Editor in 0.00 ms.
Initialize engine version: 2020.2.6f1 (8a2143876886)
[Subsystems] Discovering subsystems at path C:/Program Files/Unity/Hub/Editor/2020.2.6f1/Editor/Data/Resources/UnitySubsystems
[Subsystems] Discovering subsystems at path D:/Games/Ecosystem Simulation/Assets
GfxDevice: creating device client; threaded=0
Direct3D:
    Version:  Direct3D 11.0 [level 11.0]
    Renderer: NVIDIA GeForce GTX 950M (ID=0x139a)
    Vendor:   
    VRAM:     2010 MB
    Driver:   30.0.15.1179
Shader 'Universal Render Pipeline/Particles/Lit': fallback shader 'Universal Render Pipeline/Particles/SimpleLit' not found
Initialize mono
Mono path[0] = 'C:/Program Files/Unity/Hub/Editor/2020.2.6f1/Editor/Data/Managed'
Mono path[1] = 'C:/Program Files/Unity/Hub/Editor/2020.2.6f1/Editor/Data/MonoBleedingEdge/lib/mono/unityjit'
Mono config path = 'C:/Program Files/Unity/Hub/Editor/2020.2.6f1/Editor/Data/MonoBleedingEdge/etc'
Using monoOptions --debugger-agent=transport=dt_socket,embedding=1,server=y,suspend=n,address=127.0.0.1:56912
Begin MonoManager ReloadAssembly
Registering precompiled unity dll's ...
Register platform support module: C:/Program Files/Unity/Hub/Editor/2020.2.6f1/Editor/Data/PlaybackEngines/WebGLSupport/UnityEditor.WebGL.Extensions.dll
Register platform support module: C:/Program Files/Unity/Hub/Editor/2020.2.6f1/Editor/Data/PlaybackEngines/WindowsStandaloneSupport/UnityEditor.WindowsStandalone.Extensions.dll
Registered in 0.007736 seconds.
Native extension for WindowsStandalone target not found
Native extension for WebGL target not found
Refreshing native plugins compatible for Editor in 167.08 ms, found 3 plugins.
Preloading 0 native plugins for Editor in 0.00 ms.
Invoked RoslynAnalysisRunner static constructor.
RoslynAnalysisRunner will not be running.
RoslynAnalysisRunner has terminated.
Mono: successfully reloaded assembly
- Completed reload, in  7.297 seconds
Platform modules already initialized, skipping
Registering precompiled user dll's ...
Registered in 0.019274 seconds.
Begin MonoManager ReloadAssembly
Native extension for WindowsStandalone target not found
Native extension for WebGL target not found
Refreshing native plugins compatible for Editor in 261.81 ms, found 3 plugins.
Preloading 0 native plugins for Editor in 0.00 ms.
Invoked RoslynAnalysisRunner static constructor.
RoslynAnalysisRunner will not be running.
RoslynAnalysisRunner has terminated.
Mono: successfully reloaded assembly
- Completed reload, in  5.939 seconds
Platform modules already initialized, skipping
========================================================================
Worker process is ready to serve import requests
Shader 'Universal Render Pipeline/Particles/Lit': fallback shader 'Universal Render Pipeline/Particles/SimpleLit' not found
Launched and connected shader compiler UnityShaderCompiler.exe after 0.13 seconds
Refreshing native plugins compatible for Editor in 1.31 ms, found 3 plugins.
Preloading 0 native plugins for Editor in 0.00 ms.
Unloading 3711 Unused Serialized files (Serialized files now loaded: 0)
System memory in use before: 184.3 MB.
System memory in use after: 183.4 MB.

Unloading 29 unused Assets to reduce memory usage. Loaded Objects now: 4160.
Total: 5.851400 ms (FindLiveObjects: 1.046000 ms CreateObjectMapping: 0.360000 ms MarkObjects: 3.403500 ms  DeleteObjects: 1.039700 ms)

========================================================================
Received Import Request.
  path: Assets/Textures/TerrainTextures/TexturesCom_Grass0130_1_seamless_S.png
  artifactKey: Guid(789d25f4402423c4980879035d0e3968) Importer(815301076,1909f56bfc062723c751e8b465ee728b)
Start importing Assets/Textures/TerrainTextures/TexturesCom_Grass0130_1_seamless_S.png using Guid(789d25f4402423c4980879035d0e3968) Importer(815301076,1909f56bfc062723c751e8b465ee728b)  -> (artifact id: 'c06d31c9e18ee6ced279da8efa8a5a08') in 0.120894 seconds
  Import took 0.133026 seconds .

========================================================================
Received Prepare
Registering precompiled user dll's ...
Registered in 0.019910 seconds.
Begin MonoManager ReloadAssembly
Native extension for WindowsStandalone target not found
Native extension for WebGL target not found
Refreshing native plugins compatible for Editor in 4.04 ms, found 3 plugins.
Preloading 0 native plugins for Editor in 0.00 ms.
Invoked RoslynAnalysisRunner static constructor.
RoslynAnalysisRunner will not be running.
RoslynAnalysisRunner has terminated.
Mono: successfully reloaded assembly
- Completed reload, in 15.647 seconds
Platform modules already initialized, skipping
Shader 'Universal Render Pipeline/Particles/Lit': fallback shader 'Universal Render Pipeline/Particles/SimpleLit' not found
Refreshing native plugins compatible for Editor in 3.20 ms, found 3 plugins.
Preloading 0 native plugins for Editor in 0.00 ms.
Unloading 3531 Unused Serialized files (Serialized files now loaded: 0)
System memory in use before: 173.0 MB.
System memory in use after: 172.1 MB.

Unloading 25 unused Assets to reduce memory usage. Loaded Objects now: 4164.
Total: 98.723700 ms (FindLiveObjects: 0.884600 ms CreateObjectMapping: 1.430600 ms MarkObjects: 89.424400 ms  DeleteObjects: 6.981300 ms)

========================================================================
Received Prepare
Registering precompiled user dll's ...
Registered in 0.020114 seconds.
Begin MonoManager ReloadAssembly
Native extension for WindowsStandalone target not found
Native extension for WebGL target not found
Refreshing native plugins compatible for Editor in 1.16 ms, found 3 plugins.
Preloading 0 native plugins for Editor in 0.00 ms.
Invoked RoslynAnalysisRunner static constructor.
RoslynAnalysisRunner will not be running.
RoslynAnalysisRunner has terminated.
Mono: successfully reloaded assembly
- Completed reload, in  2.218 seconds
Platform modules already initialized, skipping
Shader 'Universal Render Pipeline/Particles/Lit': fallback shader 'Universal Render Pipeline/Particles/SimpleLit' not found
Refreshing native plugins compatible for Editor in 1.60 ms, found 3 plugins.
Preloading 0 native plugins for Editor in 0.00 ms.
Unloading 3531 Unused Serialized files (Serialized files now loaded: 0)
System memory in use before: 173.0 MB.
System memory in use after: 172.2 MB.

Unloading 25 unused Assets to reduce memory usage. Loaded Objects now: 4166.
Total: 6.521300 ms (FindLiveObjects: 0.720200 ms CreateObjectMapping: 0.324500 ms MarkObjects: 4.118000 ms  DeleteObjects: 1.356700 ms)

========================================================================
Received Import Request.
  Time since last request: 32528.222355 seconds.
  path: ProjectSettings/TagManager.asset
  artifactKey: Guid(00000000000000003000000000000000) Importer(815301076,1909f56bfc062723c751e8b465ee728b)
Start importing ProjectSettings/TagManager.asset using Guid(00000000000000003000000000000000) Importer(815301076,1909f56bfc062723c751e8b465ee728b)  -> (artifact id: 'd5a928eb9988890c487ff249a580f6bc') in 0.325581 seconds
  Import took 0.348581 seconds .

========================================================================
Received Import Request.
  Time since last request: 0.000691 seconds.
  path: ProjectSettings/TagManager.asset
  artifactKey: Guid(00000000000000003000000000000000) Importer(815301076,1909f56bfc062723c751e8b465ee728b)
Start importing ProjectSettings/TagManager.asset using Guid(00000000000000003000000000000000) Importer(815301076,1909f56bfc062723c751e8b465ee728b)  -> (artifact id: 'd5a928eb9988890c487ff249a580f6bc') in 0.002879 seconds
  Import took 0.020588 seconds .

========================================================================
Received Prepare
Registering precompiled user dll's ...
Registered in 0.005938 seconds.
Begin MonoManager ReloadAssembly
Native extension for WindowsStandalone target not found
Native extension for WebGL target not found
Refreshing native plugins compatible for Editor in 0.80 ms, found 3 plugins.
Preloading 0 native plugins for Editor in 0.00 ms.
Invoked RoslynAnalysisRunner static constructor.
RoslynAnalysisRunner will not be running.
RoslynAnalysisRunner has terminated.
Mono: successfully reloaded assembly
- Completed reload, in  2.168 seconds
Platform modules already initialized, skipping
Shader 'Universal Render Pipeline/Particles/Lit': fallback shader 'Universal Render Pipeline/Particles/SimpleLit' not found
Refreshing native plugins compatible for Editor in 0.82 ms, found 3 plugins.
Preloading 0 native plugins for Editor in 0.00 ms.
Unloading 3531 Unused Serialized files (Serialized files now loaded: 0)
System memory in use before: 173.1 MB.
System memory in use after: 172.2 MB.

Unloading 27 unused Assets to reduce memory usage. Loaded Objects now: 4168.
Total: 7.509100 ms (FindLiveObjects: 0.569600 ms CreateObjectMapping: 1.247800 ms MarkObjects: 4.349100 ms  DeleteObjects: 1.340500 ms)

========================================================================
Received Prepare
Registering precompiled user dll's ...
Registered in 0.007691 seconds.
Begin MonoManager ReloadAssembly
Native extension for WindowsStandalone target not found
Native extension for WebGL target not found
Refreshing native plugins compatible for Editor in 1.55 ms, found 3 plugins.
Preloading 0 native plugins for Editor in 0.00 ms.
Invoked RoslynAnalysisRunner static constructor.
RoslynAnalysisRunner will not be running.
RoslynAnalysisRunner has terminated.
Mono: successfully reloaded assembly
- Completed reload, in  2.521 seconds
Platform modules already initialized, skipping
Shader 'Universal Render Pipeline/Particles/Lit': fallback shader 'Universal Render Pipeline/Particles/SimpleLit' not found
Refreshing native plugins compatible for Editor in 1.25 ms, found 3 plugins.
Preloading 0 native plugins for Editor in 0.00 ms.
Unloading 3531 Unused Serialized files (Serialized files now loaded: 0)
System memory in use before: 173.1 MB.
System memory in use after: 172.2 MB.

Unloading 25 unused Assets to reduce memory usage. Loaded Objects now: 4170.
Total: 6.729400 ms (FindLiveObjects: 0.748500 ms CreateObjectMapping: 0.303000 ms MarkObjects: 4.528400 ms  DeleteObjects: 1.147100 ms)

========================================================================
Received Prepare
Registering precompiled user dll's ...
Registered in 0.018387 seconds.
Begin MonoManager ReloadAssembly
Native extension for WindowsStandalone target not found
Native extension for WebGL target not found
Refreshing native plugins compatible for Editor in 2.95 ms, found 3 plugins.
Preloading 0 native plugins for Editor in 0.00 ms.
Invoked RoslynAnalysisRunner static constructor.
RoslynAnalysisRunner will not be running.
RoslynAnalysisRunner has terminated.
Mono: successfully reloaded assembly
- Completed reload, in  5.560 seconds
Platform modules already initialized, skipping
Shader 'Universal Render Pipeline/Particles/Lit': fallback shader 'Universal Render Pipeline/Particles/SimpleLit' not found
Refreshing native plugins compatible for Editor in 1.56 ms, found 3 plugins.
Preloading 0 native plugins for Editor in 0.00 ms.
Unloading 3531 Unused Serialized files (Serialized files now loaded: 0)
System memory in use before: 173.1 MB.
System memory in use after: 172.2 MB.

Unloading 25 unused Assets to reduce memory usage. Loaded Objects now: 4172.
Total: 4.848200 ms (FindLiveObjects: 0.447000 ms CreateObjectMapping: 0.275500 ms MarkObjects: 2.648000 ms  DeleteObjects: 1.476500 ms)

========================================================================
Received Prepare
Registering precompiled user dll's ...
Registered in 0.006855 seconds.
Begin MonoManager ReloadAssembly
Native extension for WindowsStandalone target not found
Native extension for WebGL target not found
Refreshing native plugins compatible for Editor in 1.27 ms, found 3 plugins.
Preloading 0 native plugins for Editor in 0.00 ms.
Invoked RoslynAnalysisRunner static constructor.
RoslynAnalysisRunner will not be running.
RoslynAnalysisRunner has terminated.
Mono: successfully reloaded assembly
- Completed reload, in  2.134 seconds
Platform modules already initialized, skipping
Shader 'Universal Render Pipeline/Particles/Lit': fallback shader 'Universal Render Pipeline/Particles/SimpleLit' not found
Refreshing native plugins compatible for Editor in 1.29 ms, found 3 plugins.
Preloading 0 native plugins for Editor in 0.00 ms.
Unloading 3531 Unused Serialized files (Serialized files now loaded: 0)
System memory in use before: 173.1 MB.
System memory in use after: 172.2 MB.

Unloading 25 unused Assets to reduce memory usage. Loaded Objects now: 4174.
Total: 9.704000 ms (FindLiveObjects: 0.607900 ms CreateObjectMapping: 0.255300 ms MarkObjects: 7.245000 ms  DeleteObjects: 1.593800 ms)

========================================================================
Received Prepare
Registering precompiled user dll's ...
Registered in 0.005120 seconds.
Begin MonoManager ReloadAssembly
Native extension for WindowsStandalone target not found
Native extension for WebGL target not found
Refreshing native plugins compatible for Editor in 0.82 ms, found 3 plugins.
Preloading 0 native plugins for Editor in 0.00 ms.
Invoked RoslynAnalysisRunner static constructor.
RoslynAnalysisRunner will not be running.
RoslynAnalysisRunner has terminated.
Mono: successfully reloaded assembly
- Completed reload, in  2.089 seconds
Platform modules already initialized, skipping
Shader 'Universal Render Pipeline/Particles/Lit': fallback shader 'Universal Render Pipeline/Particles/SimpleLit' not found
Refreshing native plugins compatible for Editor in 1.44 ms, found 3 plugins.
Preloading 0 native plugins for Editor in 0.00 ms.
Unloading 3531 Unused Serialized files (Serialized files now loaded: 0)
System memory in use before: 173.1 MB.
System memory in use after: 172.3 MB.

Unloading 25 unused Assets to reduce memory usage. Loaded Objects now: 4176.
Total: 15.171700 ms (FindLiveObjects: 1.035400 ms CreateObjectMapping: 0.458900 ms MarkObjects: 10.690200 ms  DeleteObjects: 2.985500 ms)

========================================================================
Received Prepare
Registering precompiled user dll's ...
Registered in 0.005025 seconds.
Begin MonoManager ReloadAssembly
Native extension for WindowsStandalone target not found
Native extension for WebGL target not found
Refreshing native plugins compatible for Editor in 2.87 ms, found 3 plugins.
Preloading 0 native plugins for Editor in 0.00 ms.
Invoked RoslynAnalysisRunner static constructor.
RoslynAnalysisRunner will not be running.
RoslynAnalysisRunner has terminated.
Mono: successfully reloaded assembly
- Completed reload, in  2.300 seconds
Platform modules already initialized, skipping
Shader 'Universal Render Pipeline/Particles/Lit': fallback shader 'Universal Render Pipeline/Particles/SimpleLit' not found
Refreshing native plugins compatible for Editor in 1.35 ms, found 3 plugins.
Preloading 0 native plugins for Editor in 0.00 ms.
Unloading 3531 Unused Serialized files (Serialized files now loaded: 0)
System memory in use before: 173.1 MB.
System memory in use after: 172.3 MB.

Unloading 25 unused Assets to reduce memory usage. Loaded Objects now: 4178.
Total: 7.887700 ms (FindLiveObjects: 0.783800 ms CreateObjectMapping: 0.384000 ms MarkObjects: 5.164800 ms  DeleteObjects: 1.552800 ms)

========================================================================
Received Prepare
Registering precompiled user dll's ...
Registered in 0.007877 seconds.
Begin MonoManager ReloadAssembly
Native extension for WindowsStandalone target not found
Native extension for WebGL target not found
Refreshing native plugins compatible for Editor in 0.89 ms, found 3 plugins.
Preloading 0 native plugins for Editor in 0.00 ms.
Invoked RoslynAnalysisRunner static constructor.
RoslynAnalysisRunner will not be running.
RoslynAnalysisRunner has terminated.
Mono: successfully reloaded assembly
- Completed reload, in  2.224 seconds
Platform modules already initialized, skipping
Shader 'Universal Render Pipeline/Particles/Lit': fallback shader 'Universal Render Pipeline/Particles/SimpleLit' not found
Refreshing native plugins compatible for Editor in 1.15 ms, found 3 plugins.
Preloading 0 native plugins for Editor in 0.00 ms.
Unloading 3531 Unused Serialized files (Serialized files now loaded: 0)
System memory in use before: 173.1 MB.
System memory in use after: 172.3 MB.

Unloading 25 unused Assets to reduce memory usage. Loaded Objects now: 4180.
Total: 7.229000 ms (FindLiveObjects: 0.681600 ms CreateObjectMapping: 0.337300 ms MarkObjects: 4.907300 ms  DeleteObjects: 1.300700 ms)

========================================================================
Received Prepare
Registering precompiled user dll's ...
Registered in 0.010035 seconds.
Begin MonoManager ReloadAssembly
Native extension for WindowsStandalone target not found
Native extension for WebGL target not found
Refreshing native plugins compatible for Editor in 1.59 ms, found 3 plugins.
Preloading 0 native plugins for Editor in 0.00 ms.
Invoked RoslynAnalysisRunner static constructor.
RoslynAnalysisRunner will not be running.
RoslynAnalysisRunner has terminated.
Mono: successfully reloaded assembly
- Completed reload, in  2.230 seconds
Platform modules already initialized, skipping
Shader 'Universal Render Pipeline/Particles/Lit': fallback shader 'Universal Render Pipeline/Particles/SimpleLit' not found
Refreshing native plugins compatible for Editor in 1.59 ms, found 3 plugins.
Preloading 0 native plugins for Editor in 0.00 ms.
Unloading 3531 Unused Serialized files (Serialized files now loaded: 0)
System memory in use before: 173.2 MB.
System memory in use after: 172.3 MB.

Unloading 25 unused Assets to reduce memory usage. Loaded Objects now: 4182.
Total: 9.245200 ms (FindLiveObjects: 0.733200 ms CreateObjectMapping: 0.382200 ms MarkObjects: 6.538800 ms  DeleteObjects: 1.589400 ms)

========================================================================
Received Prepare
Registering precompiled user dll's ...
Registered in 0.023565 seconds.
Begin MonoManager ReloadAssembly
Native extension for WindowsStandalone target not found
Native extension for WebGL target not found
Refreshing native plugins compatible for Editor in 1.52 ms, found 3 plugins.
Preloading 0 native plugins for Editor in 0.00 ms.
Invoked RoslynAnalysisRunner static constructor.
RoslynAnalysisRunner will not be running.
RoslynAnalysisRunner has terminated.
Mono: successfully reloaded assembly
- Completed reload, in  2.379 seconds
Platform modules already initialized, skipping
Shader 'Universal Render Pipeline/Particles/Lit': fallback shader 'Universal Render Pipeline/Particles/SimpleLit' not found
Refreshing native plugins compatible for Editor in 1.53 ms, found 3 plugins.
Preloading 0 native plugins for Editor in 0.00 ms.
Unloading 3531 Unused Serialized files (Serialized files now loaded: 0)
System memory in use before: 173.2 MB.
System memory in use after: 172.3 MB.

Unloading 25 unused Assets to reduce memory usage. Loaded Objects now: 4184.
Total: 6.709800 ms (FindLiveObjects: 0.643800 ms CreateObjectMapping: 0.330800 ms MarkObjects: 4.201400 ms  DeleteObjects: 1.532100 ms)

========================================================================
Received Prepare
Registering precompiled user dll's ...
Registered in 0.013947 seconds.
Begin MonoManager ReloadAssembly
Native extension for WindowsStandalone target not found
Native extension for WebGL target not found
Refreshing native plugins compatible for Editor in 1.38 ms, found 3 plugins.
Preloading 0 native plugins for Editor in 0.00 ms.
Invoked RoslynAnalysisRunner static constructor.
RoslynAnalysisRunner will not be running.
RoslynAnalysisRunner has terminated.
Mono: successfully reloaded assembly
- Completed reload, in  3.689 seconds
Platform modules already initialized, skipping
Shader 'Universal Render Pipeline/Particles/Lit': fallback shader 'Universal Render Pipeline/Particles/SimpleLit' not found
Refreshing native plugins compatible for Editor in 1.52 ms, found 3 plugins.
Preloading 0 native plugins for Editor in 0.00 ms.
Unloading 3531 Unused Serialized files (Serialized files now loaded: 0)
System memory in use before: 173.2 MB.
System memory in use after: 172.3 MB.

Unloading 25 unused Assets to reduce memory usage. Loaded Objects now: 4186.
Total: 7.573600 ms (FindLiveObjects: 0.666200 ms CreateObjectMapping: 0.319200 ms MarkObjects: 5.527700 ms  DeleteObjects: 1.058500 ms)

========================================================================
Received Prepare
Registering precompiled user dll's ...
Registered in 0.014889 seconds.
Begin MonoManager ReloadAssembly
Native extension for WindowsStandalone target not found
Native extension for WebGL target not found
Refreshing native plugins compatible for Editor in 0.94 ms, found 3 plugins.
Preloading 0 native plugins for Editor in 0.00 ms.
Invoked RoslynAnalysisRunner static constructor.
RoslynAnalysisRunner will not be running.
RoslynAnalysisRunner has terminated.
Mono: successfully reloaded assembly
- Completed reload, in  5.636 seconds
Platform modules already initialized, skipping
Shader 'Universal Render Pipeline/Particles/Lit': fallback shader 'Universal Render Pipeline/Particles/SimpleLit' not found
Refreshing native plugins compatible for Editor in 3.48 ms, found 3 plugins.
Preloading 0 native plugins for Editor in 0.00 ms.
Unloading 3531 Unused Serialized files (Serialized files now loaded: 0)
System memory in use before: 173.2 MB.
System memory in use after: 172.3 MB.

Unloading 25 unused Assets to reduce memory usage. Loaded Objects now: 4188.
Total: 11.174600 ms (FindLiveObjects: 0.765200 ms CreateObjectMapping: 0.338200 ms MarkObjects: 8.983300 ms  DeleteObjects: 1.085700 ms)

========================================================================
Received Prepare
Registering precompiled user dll's ...
Registered in 0.029449 seconds.
Begin MonoManager ReloadAssembly
Native extension for WindowsStandalone target not found
Native extension for WebGL target not found
Refreshing native plugins compatible for Editor in 1.01 ms, found 3 plugins.
Preloading 0 native plugins for Editor in 0.00 ms.
Invoked RoslynAnalysisRunner static constructor.
RoslynAnalysisRunner will not be running.
RoslynAnalysisRunner has terminated.
Mono: successfully reloaded assembly
- Completed reload, in  2.604 seconds
Platform modules already initialized, skipping
Shader 'Universal Render Pipeline/Particles/Lit': fallback shader 'Universal Render Pipeline/Particles/SimpleLit' not found
Refreshing native plugins compatible for Editor in 1.27 ms, found 3 plugins.
Preloading 0 native plugins for Editor in 0.00 ms.
Unloading 3531 Unused Serialized files (Serialized files now loaded: 0)
System memory in use before: 173.2 MB.
System memory in use after: 172.3 MB.

Unloading 25 unused Assets to reduce memory usage. Loaded Objects now: 4190.
Total: 10.046500 ms (FindLiveObjects: 0.911300 ms CreateObjectMapping: 0.625200 ms MarkObjects: 7.093400 ms  DeleteObjects: 1.414600 ms)

========================================================================
Received Prepare
Registering precompiled user dll's ...
Registered in 0.010751 seconds.
Begin MonoManager ReloadAssembly
Native extension for WindowsStandalone target not found
Native extension for WebGL target not found
Refreshing native plugins compatible for Editor in 3.00 ms, found 3 plugins.
Preloading 0 native plugins for Editor in 0.00 ms.
Invoked RoslynAnalysisRunner static constructor.
RoslynAnalysisRunner will not be running.
RoslynAnalysisRunner has terminated.
Mono: successfully reloaded assembly
- Completed reload, in  3.231 seconds
Platform modules already initialized, skipping
Shader 'Universal Render Pipeline/Particles/Lit': fallback shader 'Universal Render Pipeline/Particles/SimpleLit' not found
Refreshing native plugins compatible for Editor in 1.32 ms, found 3 plugins.
Preloading 0 native plugins for Editor in 0.00 ms.
Unloading 3531 Unused Serialized files (Serialized files now loaded: 0)
System memory in use before: 173.2 MB.
System memory in use after: 172.3 MB.

Unloading 25 unused Assets to reduce memory usage. Loaded Objects now: 4192.
Total: 9.660500 ms (FindLiveObjects: 0.698300 ms CreateObjectMapping: 0.361600 ms MarkObjects: 5.727100 ms  DeleteObjects: 2.871300 ms)

========================================================================
Received Prepare
Registering precompiled user dll's ...
Registered in 0.008287 seconds.
Begin MonoManager ReloadAssembly
Native extension for WindowsStandalone target not found
Native extension for WebGL target not found
Refreshing native plugins compatible for Editor in 5.78 ms, found 3 plugins.
Preloading 0 native plugins for Editor in 0.00 ms.
Invoked RoslynAnalysisRunner static constructor.
RoslynAnalysisRunner will not be running.
RoslynAnalysisRunner has terminated.
Mono: successfully reloaded assembly
- Completed reload, in  2.251 seconds
Platform modules already initialized, skipping
Shader 'Universal Render Pipeline/Particles/Lit': fallback shader 'Universal Render Pipeline/Particles/SimpleLit' not found
Refreshing native plugins compatible for Editor in 0.85 ms, found 3 plugins.
Preloading 0 native plugins for Editor in 0.00 ms.
Unloading 3531 Unused Serialized files (Serialized files now loaded: 0)
System memory in use before: 173.2 MB.
System memory in use after: 172.3 MB.

Unloading 25 unused Assets to reduce memory usage. Loaded Objects now: 4194.
Total: 6.721500 ms (FindLiveObjects: 0.763700 ms CreateObjectMapping: 0.338900 ms MarkObjects: 4.508900 ms  DeleteObjects: 1.108500 ms)

========================================================================
Received Prepare
Registering precompiled user dll's ...
Registered in 0.007843 seconds.
Begin MonoManager ReloadAssembly
Native extension for WindowsStandalone target not found
Native extension for WebGL target not found
Refreshing native plugins compatible for Editor in 1.65 ms, found 3 plugins.
Preloading 0 native plugins for Editor in 0.00 ms.
Invoked RoslynAnalysisRunner static constructor.
RoslynAnalysisRunner will not be running.
RoslynAnalysisRunner has terminated.
Mono: successfully reloaded assembly
- Completed reload, in  2.393 seconds
Platform modules already initialized, skipping
Shader 'Universal Render Pipeline/Particles/Lit': fallback shader 'Universal Render Pipeline/Particles/SimpleLit' not found
Refreshing native plugins compatible for Editor in 1.62 ms, found 3 plugins.
Preloading 0 native plugins for Editor in 0.00 ms.
Unloading 3531 Unused Serialized files (Serialized files now loaded: 0)
System memory in use before: 173.2 MB.
System memory in use after: 172.3 MB.

Unloading 25 unused Assets to reduce memory usage. Loaded Objects now: 4196.
Total: 21.152800 ms (FindLiveObjects: 0.853400 ms CreateObjectMapping: 0.345000 ms MarkObjects: 17.993500 ms  DeleteObjects: 1.957500 ms)

========================================================================
Received Prepare
Registering precompiled user dll's ...
Registered in 0.010626 seconds.
Begin MonoManager ReloadAssembly
Native extension for WindowsStandalone target not found
Native extension for WebGL target not found
Refreshing native plugins compatible for Editor in 3.16 ms, found 3 plugins.
Preloading 0 native plugins for Editor in 0.00 ms.
Invoked RoslynAnalysisRunner static constructor.
RoslynAnalysisRunner will not be running.
RoslynAnalysisRunner has terminated.
Mono: successfully reloaded assembly
- Completed reload, in  4.196 seconds
Platform modules already initialized, skipping
Shader 'Universal Render Pipeline/Particles/Lit': fallback shader 'Universal Render Pipeline/Particles/SimpleLit' not found
Refreshing native plugins compatible for Editor in 4.64 ms, found 3 plugins.
Preloading 0 native plugins for Editor in 0.00 ms.
Unloading 3531 Unused Serialized files (Serialized files now loaded: 0)
System memory in use before: 173.2 MB.
System memory in use after: 172.3 MB.

Unloading 25 unused Assets to reduce memory usage. Loaded Objects now: 4198.
Total: 16.706600 ms (FindLiveObjects: 4.331900 ms CreateObjectMapping: 0.446000 ms MarkObjects: 10.496100 ms  DeleteObjects: 1.429100 ms)

========================================================================
Received Import Request.
  Time since last request: 6627.746717 seconds.
  path: Assets/Imported/BOXOPHOBIC/Skybox Cubemap Extended/Demo/Textures/Polyverse Skies - Blue Sky.png
  artifactKey: Guid(beb1457d375110e468b8d8e1f29fccea) Importer(815301076,1909f56bfc062723c751e8b465ee728b)
Start importing Assets/Imported/BOXOPHOBIC/Skybox Cubemap Extended/Demo/Textures/Polyverse Skies - Blue Sky.png using Guid(beb1457d375110e468b8d8e1f29fccea) Importer(815301076,1909f56bfc062723c751e8b465ee728b)  -> (artifact id: 'ffba983442fa79f695f03e9ad3b486f0') in 0.679038 seconds
  Import took 0.697280 seconds .

========================================================================
Received Import Request.
  Time since last request: 302.594934 seconds.
  path: Assets/Imported/BOXOPHOBIC/Skybox Cubemap Extended/Demo/Textures/1280px-Cube_map.svg.png
  artifactKey: Guid(d8caf6388d622bf46b97f9c307d82a01) Importer(815301076,1909f56bfc062723c751e8b465ee728b)
Start importing Assets/Imported/BOXOPHOBIC/Skybox Cubemap Extended/Demo/Textures/1280px-Cube_map.svg.png using Guid(d8caf6388d622bf46b97f9c307d82a01) Importer(815301076,1909f56bfc062723c751e8b465ee728b)  -> (artifact id: '78131fe74824d250d7730f3431a3ce32') in 0.050402 seconds
  Import took 0.074521 seconds .

========================================================================
Received Import Request.
  Time since last request: 19.882662 seconds.
  path: Assets/Imported/BOXOPHOBIC/Skybox Cubemap Extended/Demo/Textures/1280px-Cube_map.svg.png
  artifactKey: Guid(d8caf6388d622bf46b97f9c307d82a01) Importer(815301076,1909f56bfc062723c751e8b465ee728b)
Start importing Assets/Imported/BOXOPHOBIC/Skybox Cubemap Extended/Demo/Textures/1280px-Cube_map.svg.png using Guid(d8caf6388d622bf46b97f9c307d82a01) Importer(815301076,1909f56bfc062723c751e8b465ee728b)  -> (artifact id: 'ef99264973687221c5ba2742ed3eb084') in 0.048565 seconds
  Import took 0.062549 seconds .

========================================================================
Received Import Request.
  Time since last request: 17.107108 seconds.
  path: Assets/Imported/BOXOPHOBIC/Skybox Cubemap Extended/Demo/Textures/1280px-Cube_map.svg.png
  artifactKey: Guid(d8caf6388d622bf46b97f9c307d82a01) Importer(815301076,1909f56bfc062723c751e8b465ee728b)
Start importing Assets/Imported/BOXOPHOBIC/Skybox Cubemap Extended/Demo/Textures/1280px-Cube_map.svg.png using Guid(d8caf6388d622bf46b97f9c307d82a01) Importer(815301076,1909f56bfc062723c751e8b465ee728b)  -> (artifact id: 'cf3da76a9d782dbc04abf52d39e1db71') in 0.044853 seconds
  Import took 0.068100 seconds .

========================================================================
Received Import Request.
  Time since last request: 5.678788 seconds.
  path: Assets/Imported/BOXOPHOBIC/Skybox Cubemap Extended/Demo/Textures/1280px-Cube_map.svg.png
  artifactKey: Guid(d8caf6388d622bf46b97f9c307d82a01) Importer(815301076,1909f56bfc062723c751e8b465ee728b)
Start importing Assets/Imported/BOXOPHOBIC/Skybox Cubemap Extended/Demo/Textures/1280px-Cube_map.svg.png using Guid(d8caf6388d622bf46b97f9c307d82a01) Importer(815301076,1909f56bfc062723c751e8b465ee728b)  -> (artifact id: 'e8c3412e1c012db1b9004ff4091ff224') in 0.072628 seconds
  Import took 0.086909 seconds .

========================================================================
Received Import Request.
  Time since last request: 0.000791 seconds.
  path: Assets/Imported/BOXOPHOBIC/Skybox Cubemap Extended/Demo/Textures/1280px-Cube_map.svg.png
  artifactKey: Guid(d8caf6388d622bf46b97f9c307d82a01) Importer(815301076,1909f56bfc062723c751e8b465ee728b)
Start importing Assets/Imported/BOXOPHOBIC/Skybox Cubemap Extended/Demo/Textures/1280px-Cube_map.svg.png using Guid(d8caf6388d622bf46b97f9c307d82a01) Importer(815301076,1909f56bfc062723c751e8b465ee728b)  -> (artifact id: 'e8c3412e1c012db1b9004ff4091ff224') in 0.052019 seconds
  Import took 0.065543 seconds .

========================================================================
Received Import Request.
  Time since last request: 1.424144 seconds.
  path: Assets/Imported/BOXOPHOBIC/Skybox Cubemap Extended/Demo/Textures/Polyverse Skies - Night Sky.exr
  artifactKey: Guid(fa41734a337674542975482c8fe96ea1) Importer(815301076,1909f56bfc062723c751e8b465ee728b)
Start importing Assets/Imported/BOXOPHOBIC/Skybox Cubemap Extended/Demo/Textures/Polyverse Skies - Night Sky.exr using Guid(fa41734a337674542975482c8fe96ea1) Importer(815301076,1909f56bfc062723c751e8b465ee728b)  -> (artifact id: '951489ca53fc72ab1976d3f42eb9ec0a') in 0.974333 seconds
  Import took 1.011982 seconds .

========================================================================
Received Import Request.
  Time since last request: 6.984667 seconds.
  path: Assets/Imported/BOXOPHOBIC/Skybox Cubemap Extended/Demo/Textures/1280px-Cube_map.svg.png
  artifactKey: Guid(d8caf6388d622bf46b97f9c307d82a01) Importer(815301076,1909f56bfc062723c751e8b465ee728b)
Start importing Assets/Imported/BOXOPHOBIC/Skybox Cubemap Extended/Demo/Textures/1280px-Cube_map.svg.png using Guid(d8caf6388d622bf46b97f9c307d82a01) Importer(815301076,1909f56bfc062723c751e8b465ee728b)  -> (artifact id: '5f131c2e22f953f8ed072f167e5e86b4') in 0.044912 seconds
  Import took 0.070467 seconds .

========================================================================
Received Import Request.
  Time since last request: 220.063015 seconds.
  path: Assets/Customizable Skybox/Scenes/DemoScene.unity
  artifactKey: Guid(1811a0c822d2a6c45b5d1435bf7d07d2) Importer(815301076,1909f56bfc062723c751e8b465ee728b)
Start importing Assets/Customizable Skybox/Scenes/DemoScene.unity using Guid(1811a0c822d2a6c45b5d1435bf7d07d2) Importer(815301076,1909f56bfc062723c751e8b465ee728b)  -> (artifact id: 'd5cec94f0091523345e112c9e166a69e') in 0.021277 seconds
  Import took 0.046294 seconds .

========================================================================
Received Import Request.
  Time since last request: 52.713005 seconds.
  path: Assets/Scenes/Ecosystem.unity
  artifactKey: Guid(9fc0d4010bbf28b4594072e72b8655ab) Importer(815301076,1909f56bfc062723c751e8b465ee728b)
Start importing Assets/Scenes/Ecosystem.unity using Guid(9fc0d4010bbf28b4594072e72b8655ab) Importer(815301076,1909f56bfc062723c751e8b465ee728b)  -> (artifact id: 'd12120f62bdb29304dec795761acac6b') in 0.013473 seconds
  Import took 0.035566 seconds .

========================================================================
Received Import Request.
  Time since last request: 47.548267 seconds.
  path: Assets/Imported/BOXOPHOBIC/Skybox Cubemap Extended/Demo/Textures
  artifactKey: Guid(622c850911a24ab4c87b6b1cbb58ba1d) Importer(815301076,1909f56bfc062723c751e8b465ee728b)
Start importing Assets/Imported/BOXOPHOBIC/Skybox Cubemap Extended/Demo/Textures using Guid(622c850911a24ab4c87b6b1cbb58ba1d) Importer(815301076,1909f56bfc062723c751e8b465ee728b)  -> (artifact id: 'd35c72679898408414d31f72a1d2de2d') in 0.015411 seconds
  Import took 0.028271 seconds .

========================================================================
Received Import Request.
  Time since last request: 35.640298 seconds.
  path: Assets/Materials/Map
  artifactKey: Guid(9b36ca26355e5df4abfb2e1445f5fd3a) Importer(815301076,1909f56bfc062723c751e8b465ee728b)
Start importing Assets/Materials/Map using Guid(9b36ca26355e5df4abfb2e1445f5fd3a) Importer(815301076,1909f56bfc062723c751e8b465ee728b)  -> (artifact id: '4b52a29e7438c03f52065e861be06940') in 0.008775 seconds
  Import took 0.025582 seconds .

========================================================================
Received Import Request.
  Time since last request: 0.081274 seconds.
  path: Assets/Imported/Vectrosity
  artifactKey: Guid(a54b8cc859dc8ee49a3f1f932c62ac59) Importer(815301076,1909f56bfc062723c751e8b465ee728b)
Start importing Assets/Imported/Vectrosity using Guid(a54b8cc859dc8ee49a3f1f932c62ac59) Importer(815301076,1909f56bfc062723c751e8b465ee728b)  -> (artifact id: '380294de2970b8e4cca0cb33d3bc7482') in 0.014342 seconds
  Import took 0.030624 seconds .

========================================================================
Received Import Request.
  Time since last request: 0.349810 seconds.
  path: Assets/Imported/unity-enhanced-foliage-master
  artifactKey: Guid(f929cce0486f677419905ac20d45f387) Importer(815301076,1909f56bfc062723c751e8b465ee728b)
Start importing Assets/Imported/unity-enhanced-foliage-master using Guid(f929cce0486f677419905ac20d45f387) Importer(815301076,1909f56bfc062723c751e8b465ee728b)  -> (artifact id: '97ab70ab50608b0c5540beb0c820b700') in 0.009264 seconds
  Import took 0.027153 seconds .

========================================================================
Received Import Request.
  Time since last request: 0.301295 seconds.
  path: Assets/Imported/TreeProceduralGeneration-master
  artifactKey: Guid(864d009c166fc83488bfe9990e69d012) Importer(815301076,1909f56bfc062723c751e8b465ee728b)
Start importing Assets/Imported/TreeProceduralGeneration-master using Guid(864d009c166fc83488bfe9990e69d012) Importer(815301076,1909f56bfc062723c751e8b465ee728b)  -> (artifact id: 'b93f0694989c2c658f356333efa88458') in 0.009062 seconds
  Import took 0.023600 seconds .

========================================================================
Received Import Request.
  Time since last request: 0.493954 seconds.
  path: Assets/Imported/SpiderProceduralAnimation-FirstVideo
  artifactKey: Guid(3da183b5c01217e4396e70d248b2b83a) Importer(815301076,1909f56bfc062723c751e8b465ee728b)
Start importing Assets/Imported/SpiderProceduralAnimation-FirstVideo using Guid(3da183b5c01217e4396e70d248b2b83a) Importer(815301076,1909f56bfc062723c751e8b465ee728b)  -> (artifact id: 'b9f048b63208c690f76844f7bc7755a1') in 0.007345 seconds
  Import took 0.024937 seconds .

========================================================================
Received Import Request.
  Time since last request: 0.038318 seconds.
  path: Assets/Imported/RandomGen
  artifactKey: Guid(80f9d5b3fb831ff46ad0aeb7b6209d69) Importer(815301076,1909f56bfc062723c751e8b465ee728b)
Start importing Assets/Imported/RandomGen using Guid(80f9d5b3fb831ff46ad0aeb7b6209d69) Importer(815301076,1909f56bfc062723c751e8b465ee728b)  -> (artifact id: '0a0d582b874e75b7d1e638e9dc1ae60c') in 0.007441 seconds
  Import took 0.033121 seconds .

========================================================================
Received Import Request.
  Time since last request: 0.017391 seconds.
  path: Assets/Imported/PleebieJeebies
  artifactKey: Guid(de18e8bb05fc85b428f6555281fdb986) Importer(815301076,1909f56bfc062723c751e8b465ee728b)
Start importing Assets/Imported/PleebieJeebies using Guid(de18e8bb05fc85b428f6555281fdb986) Importer(815301076,1909f56bfc062723c751e8b465ee728b)  -> (artifact id: '0c248833a26a0289a06e8e99a0e78aa0') in 0.005381 seconds
  Import took 0.017441 seconds .

========================================================================
Received Import Request.
  Time since last request: 0.042284 seconds.
  path: Assets/Imported/GpuGraph
  artifactKey: Guid(7042d44ce0f56db42819c61f8d7228f5) Importer(815301076,1909f56bfc062723c751e8b465ee728b)
Start importing Assets/Imported/GpuGraph using Guid(7042d44ce0f56db42819c61f8d7228f5) Importer(815301076,1909f56bfc062723c751e8b465ee728b)  -> (artifact id: 'd9821ce432af6abf93c6f345e5ef915b') in 0.010881 seconds
  Import took 0.024433 seconds .

========================================================================
Received Import Request.
  Time since last request: 0.064308 seconds.
  path: Assets/Imported/ForestVision
  artifactKey: Guid(cce17bde76795fa448c37e867ec41f5e) Importer(815301076,1909f56bfc062723c751e8b465ee728b)
Start importing Assets/Imported/ForestVision using Guid(cce17bde76795fa448c37e867ec41f5e) Importer(815301076,1909f56bfc062723c751e8b465ee728b)  -> (artifact id: 'ab5fcfa31edf72065fa5562c931825b5') in 0.011923 seconds
  Import took 0.032569 seconds .

========================================================================
Received Import Request.
  Time since last request: 0.023402 seconds.
  path: Assets/Imported/FastIK
  artifactKey: Guid(6e7b442f635b55644a0e56ca39bfb56d) Importer(815301076,1909f56bfc062723c751e8b465ee728b)
Start importing Assets/Imported/FastIK using Guid(6e7b442f635b55644a0e56ca39bfb56d) Importer(815301076,1909f56bfc062723c751e8b465ee728b)  -> (artifact id: 'dfd65281b4cbc0978a0121ad6d97f04f') in 0.003999 seconds
  Import took 0.021638 seconds .

========================================================================
Received Import Request.
  Time since last request: 0.028913 seconds.
  path: Assets/Imported/Customizable Skybox
  artifactKey: Guid(f08fd2f561f2aa74c91fcfee049b102c) Importer(815301076,1909f56bfc062723c751e8b465ee728b)
Start importing Assets/Imported/Customizable Skybox using Guid(f08fd2f561f2aa74c91fcfee049b102c) Importer(815301076,1909f56bfc062723c751e8b465ee728b)  -> (artifact id: '1cc743fed715e6db31bfe61dfdd59cbb') in 0.007847 seconds
  Import took 0.029758 seconds .

========================================================================
Received Import Request.
  Time since last request: 0.029362 seconds.
  path: Assets/Imported/Clean Settings UI
  artifactKey: Guid(a9a7e1d7c461fd8468467134586d94cc) Importer(815301076,1909f56bfc062723c751e8b465ee728b)
Start importing Assets/Imported/Clean Settings UI using Guid(a9a7e1d7c461fd8468467134586d94cc) Importer(815301076,1909f56bfc062723c751e8b465ee728b)  -> (artifact id: '37740a11f6e2963660b3f26d12f96d53') in 0.013382 seconds
  Import took 0.024140 seconds .

========================================================================
Received Import Request.
  Time since last request: 0.048638 seconds.
  path: Assets/Imported/BOXOPHOBIC/Utils
  artifactKey: Guid(a85b6dec3188bd14194e16aa24e9fd0a) Importer(815301076,1909f56bfc062723c751e8b465ee728b)
Start importing Assets/Imported/BOXOPHOBIC/Utils using Guid(a85b6dec3188bd14194e16aa24e9fd0a) Importer(815301076,1909f56bfc062723c751e8b465ee728b)  -> (artifact id: '4b4f3e363bbb10fba3009a955313a189') in 0.006166 seconds
  Import took 0.023490 seconds .

========================================================================
Received Import Request.
  Time since last request: 0.072587 seconds.
  path: Assets/Imported/BOXOPHOBIC/User
  artifactKey: Guid(f0aa5379d96b0e14795df45a380643fb) Importer(815301076,1909f56bfc062723c751e8b465ee728b)
Start importing Assets/Imported/BOXOPHOBIC/User using Guid(f0aa5379d96b0e14795df45a380643fb) Importer(815301076,1909f56bfc062723c751e8b465ee728b)  -> (artifact id: '0a2855a1c78bfce8ada7eb0242c9355a') in 0.013641 seconds
  Import took 0.029075 seconds .

========================================================================
Received Import Request.
  Time since last request: 0.060909 seconds.
  path: Assets/Imported/BOXOPHOBIC/Skybox Cubemap Extended/Demo/Demo Night.unity
  artifactKey: Guid(a5df9867bdacd604dbe1d73079151448) Importer(815301076,1909f56bfc062723c751e8b465ee728b)
Start importing Assets/Imported/BOXOPHOBIC/Skybox Cubemap Extended/Demo/Demo Night.unity using Guid(a5df9867bdacd604dbe1d73079151448) Importer(815301076,1909f56bfc062723c751e8b465ee728b)  -> (artifact id: '45fb05380cb7d02f695dfbec4f4d41e7') in 0.016374 seconds
  Import took 0.033096 seconds .

========================================================================
Received Prepare
Registering precompiled user dll's ...
Registered in 0.025404 seconds.
Begin MonoManager ReloadAssembly
Native extension for WindowsStandalone target not found
Native extension for WebGL target not found
Refreshing native plugins compatible for Editor in 2.55 ms, found 3 plugins.
Preloading 0 native plugins for Editor in 0.00 ms.
Invoked RoslynAnalysisRunner static constructor.
RoslynAnalysisRunner will not be running.
RoslynAnalysisRunner has terminated.
Mono: successfully reloaded assembly
- Completed reload, in  6.558 seconds
Platform modules already initialized, skipping
Shader 'Universal Render Pipeline/Particles/Lit': fallback shader 'Universal Render Pipeline/Particles/SimpleLit' not found
Refreshing native plugins compatible for Editor in 2.12 ms, found 3 plugins.
Preloading 0 native plugins for Editor in 0.00 ms.
Unloading 3532 Unused Serialized files (Serialized files now loaded: 0)
System memory in use before: 176.6 MB.
System memory in use after: 175.7 MB.

Unloading 26 unused Assets to reduce memory usage. Loaded Objects now: 4232.
Total: 20.054200 ms (FindLiveObjects: 1.624900 ms CreateObjectMapping: 0.486700 ms MarkObjects: 15.767000 ms  DeleteObjects: 2.172500 ms)

========================================================================
Received Import Request.
  Time since last request: 402.228462 seconds.
  path: Assets/Materials/Skybox/Sky.shadergraph
  artifactKey: Guid(3c7080a7877c85c4d874aa0734e9e190) Importer(815301076,1909f56bfc062723c751e8b465ee728b)
Start importing Assets/Materials/Skybox/Sky.shadergraph using Guid(3c7080a7877c85c4d874aa0734e9e190) Importer(815301076,1909f56bfc062723c751e8b465ee728b)  -> (artifact id: '53b39d62cd56fb2076980f5a291f7b69') in 0.103397 seconds
  Import took 0.119326 seconds .

========================================================================
Received Import Request.
  Time since last request: 41.548905 seconds.
  path: Assets/Materials/Skybox/Sky.shadergraph
  artifactKey: Guid(3c7080a7877c85c4d874aa0734e9e190) Importer(815301076,1909f56bfc062723c751e8b465ee728b)
Start importing Assets/Materials/Skybox/Sky.shadergraph using Guid(3c7080a7877c85c4d874aa0734e9e190) Importer(815301076,1909f56bfc062723c751e8b465ee728b)  -> (artifact id: 'b159020b6caefb422bba46a5c6148e74') in 0.004827 seconds
  Import took 0.015770 seconds .

========================================================================
Received Import Request.
  Time since last request: 0.199359 seconds.
  path: Assets/Materials/Skybox/Sky.shadergraph
  artifactKey: Guid(3c7080a7877c85c4d874aa0734e9e190) Importer(815301076,1909f56bfc062723c751e8b465ee728b)
Start importing Assets/Materials/Skybox/Sky.shadergraph using Guid(3c7080a7877c85c4d874aa0734e9e190) Importer(815301076,1909f56bfc062723c751e8b465ee728b)  -> (artifact id: 'b159020b6caefb422bba46a5c6148e74') in 0.008528 seconds
  Import took 0.020284 seconds .

========================================================================
Received Import Request.
  Time since last request: 152.492386 seconds.
  path: Assets/Imported/Customizable Skybox/Model/Materials
  artifactKey: Guid(083961627088d3049935b73b4e8fc135) Importer(815301076,1909f56bfc062723c751e8b465ee728b)
Start importing Assets/Imported/Customizable Skybox/Model/Materials using Guid(083961627088d3049935b73b4e8fc135) Importer(815301076,1909f56bfc062723c751e8b465ee728b)  -> (artifact id: '4aa9d8fbfd8e081e2662c9f436d943bc') in 0.006720 seconds
  Import took 0.019961 seconds .

========================================================================
Received Import Request.
  Time since last request: 5.083471 seconds.
  path: Assets/Imported/Customizable Skybox/Stylized Sky/Shaders/Stylized Sky.shader
  artifactKey: Guid(eb3c6fb598ded4c71b8968e1c40a3b4d) Importer(815301076,1909f56bfc062723c751e8b465ee728b)
Start importing Assets/Imported/Customizable Skybox/Stylized Sky/Shaders/Stylized Sky.shader using Guid(eb3c6fb598ded4c71b8968e1c40a3b4d) Importer(815301076,1909f56bfc062723c751e8b465ee728b)  -> (artifact id: '5fa6452c2fcf0fd2e64785b399bcf42a') in 0.010957 seconds
  Import took 0.020365 seconds .

========================================================================
Received Import Request.
  Time since last request: 0.001807 seconds.
  path: Assets/Imported/Customizable Skybox/Stylized Sky/Shaders/Stylized Sky.shader
  artifactKey: Guid(eb3c6fb598ded4c71b8968e1c40a3b4d) Importer(815301076,1909f56bfc062723c751e8b465ee728b)
Start importing Assets/Imported/Customizable Skybox/Stylized Sky/Shaders/Stylized Sky.shader using Guid(eb3c6fb598ded4c71b8968e1c40a3b4d) Importer(815301076,1909f56bfc062723c751e8b465ee728b)  -> (artifact id: '5fa6452c2fcf0fd2e64785b399bcf42a') in 0.006796 seconds
  Import took 0.023446 seconds .

========================================================================
Received Import Request.
  Time since last request: 4.028590 seconds.
  path: Assets/Imported/Customizable Skybox/Stylized Sky/Shaders
  artifactKey: Guid(a467af176e3ceba48899c668a09878d2) Importer(815301076,1909f56bfc062723c751e8b465ee728b)
Start importing Assets/Imported/Customizable Skybox/Stylized Sky/Shaders using Guid(a467af176e3ceba48899c668a09878d2) Importer(815301076,1909f56bfc062723c751e8b465ee728b)  -> (artifact id: '056906ec41f12b16a3d621fa658cfe9f') in 0.005740 seconds
  Import took 0.022698 seconds .

========================================================================
Received Prepare
Registering precompiled user dll's ...
Registered in 0.012512 seconds.
Begin MonoManager ReloadAssembly
Native extension for WindowsStandalone target not found
Native extension for WebGL target not found
Refreshing native plugins compatible for Editor in 0.95 ms, found 3 plugins.
Preloading 0 native plugins for Editor in 0.00 ms.
Invoked RoslynAnalysisRunner static constructor.
RoslynAnalysisRunner will not be running.
RoslynAnalysisRunner has terminated.
Mono: successfully reloaded assembly
- Completed reload, in  3.450 seconds
Platform modules already initialized, skipping
Shader 'Universal Render Pipeline/Particles/Lit': fallback shader 'Universal Render Pipeline/Particles/SimpleLit' not found
Refreshing native plugins compatible for Editor in 0.91 ms, found 3 plugins.
Preloading 0 native plugins for Editor in 0.00 ms.
Unloading 3532 Unused Serialized files (Serialized files now loaded: 0)
System memory in use before: 176.6 MB.
System memory in use after: 175.7 MB.

Unloading 26 unused Assets to reduce memory usage. Loaded Objects now: 4234.
Total: 19.393200 ms (FindLiveObjects: 0.672500 ms CreateObjectMapping: 0.272800 ms MarkObjects: 16.744400 ms  DeleteObjects: 1.701200 ms)

========================================================================
Received Prepare
Registering precompiled user dll's ...
Registered in 0.041893 seconds.
Begin MonoManager ReloadAssembly
Native extension for WindowsStandalone target not found
Native extension for WebGL target not found
Refreshing native plugins compatible for Editor in 1.41 ms, found 3 plugins.
Preloading 0 native plugins for Editor in 0.00 ms.
Invoked RoslynAnalysisRunner static constructor.
RoslynAnalysisRunner will not be running.
RoslynAnalysisRunner has terminated.
Mono: successfully reloaded assembly
- Completed reload, in  3.244 seconds
Platform modules already initialized, skipping
Shader 'Universal Render Pipeline/Particles/Lit': fallback shader 'Universal Render Pipeline/Particles/SimpleLit' not found
Refreshing native plugins compatible for Editor in 0.91 ms, found 3 plugins.
Preloading 0 native plugins for Editor in 0.00 ms.
Unloading 3532 Unused Serialized files (Serialized files now loaded: 0)
System memory in use before: 176.6 MB.
System memory in use after: 175.7 MB.

Unloading 26 unused Assets to reduce memory usage. Loaded Objects now: 4236.
Total: 5.220000 ms (FindLiveObjects: 0.593300 ms CreateObjectMapping: 0.396100 ms MarkObjects: 3.322300 ms  DeleteObjects: 0.906200 ms)

========================================================================
Received Prepare
Registering precompiled user dll's ...
Registered in 0.038085 seconds.
Begin MonoManager ReloadAssembly
Native extension for WindowsStandalone target not found
Native extension for WebGL target not found
Refreshing native plugins compatible for Editor in 1.69 ms, found 3 plugins.
Preloading 0 native plugins for Editor in 0.00 ms.
Invoked RoslynAnalysisRunner static constructor.
RoslynAnalysisRunner will not be running.
RoslynAnalysisRunner has terminated.
Mono: successfully reloaded assembly
- Completed reload, in  4.589 seconds
Platform modules already initialized, skipping
Shader 'Universal Render Pipeline/Particles/Lit': fallback shader 'Universal Render Pipeline/Particles/SimpleLit' not found
Refreshing native plugins compatible for Editor in 6.94 ms, found 3 plugins.
Preloading 0 native plugins for Editor in 0.00 ms.
Unloading 3532 Unused Serialized files (Serialized files now loaded: 0)
System memory in use before: 176.6 MB.
System memory in use after: 175.7 MB.

Unloading 26 unused Assets to reduce memory usage. Loaded Objects now: 4238.
Total: 17.058300 ms (FindLiveObjects: 1.753100 ms CreateObjectMapping: 0.381600 ms MarkObjects: 12.858900 ms  DeleteObjects: 2.062200 ms)

========================================================================
Received Prepare
Registering precompiled user dll's ...
Registered in 0.008510 seconds.
Begin MonoManager ReloadAssembly
Native extension for WindowsStandalone target not found
Native extension for WebGL target not found
Refreshing native plugins compatible for Editor in 7.96 ms, found 3 plugins.
Preloading 0 native plugins for Editor in 0.00 ms.
Invoked RoslynAnalysisRunner static constructor.
RoslynAnalysisRunner will not be running.
RoslynAnalysisRunner has terminated.
Mono: successfully reloaded assembly
- Completed reload, in  4.008 seconds
Platform modules already initialized, skipping
Shader 'Universal Render Pipeline/Particles/Lit': fallback shader 'Universal Render Pipeline/Particles/SimpleLit' not found
Refreshing native plugins compatible for Editor in 1.51 ms, found 3 plugins.
Preloading 0 native plugins for Editor in 0.00 ms.
Unloading 3532 Unused Serialized files (Serialized files now loaded: 0)
System memory in use before: 176.6 MB.
System memory in use after: 175.7 MB.

Unloading 26 unused Assets to reduce memory usage. Loaded Objects now: 4240.
Total: 10.070400 ms (FindLiveObjects: 0.655200 ms CreateObjectMapping: 0.348700 ms MarkObjects: 6.052400 ms  DeleteObjects: 3.012200 ms)

========================================================================
Received Prepare
Registering precompiled user dll's ...
Registered in 0.012938 seconds.
Begin MonoManager ReloadAssembly
Native extension for WindowsStandalone target not found
Native extension for WebGL target not found
Refreshing native plugins compatible for Editor in 0.86 ms, found 3 plugins.
Preloading 0 native plugins for Editor in 0.00 ms.
Invoked RoslynAnalysisRunner static constructor.
RoslynAnalysisRunner will not be running.
RoslynAnalysisRunner has terminated.
Mono: successfully reloaded assembly
- Completed reload, in  3.619 seconds
Platform modules already initialized, skipping
Shader 'Universal Render Pipeline/Particles/Lit': fallback shader 'Universal Render Pipeline/Particles/SimpleLit' not found
Refreshing native plugins compatible for Editor in 1.37 ms, found 3 plugins.
Preloading 0 native plugins for Editor in 0.00 ms.
Unloading 3532 Unused Serialized files (Serialized files now loaded: 0)
System memory in use before: 176.6 MB.
System memory in use after: 175.7 MB.

Unloading 26 unused Assets to reduce memory usage. Loaded Objects now: 4242.
Total: 8.472500 ms (FindLiveObjects: 0.646000 ms CreateObjectMapping: 0.506200 ms MarkObjects: 6.163700 ms  DeleteObjects: 1.154700 ms)

========================================================================
Received Prepare
Registering precompiled user dll's ...
Registered in 0.024403 seconds.
Begin MonoManager ReloadAssembly
Native extension for WindowsStandalone target not found
Native extension for WebGL target not found
Refreshing native plugins compatible for Editor in 1.45 ms, found 3 plugins.
Preloading 0 native plugins for Editor in 0.00 ms.
Invoked RoslynAnalysisRunner static constructor.
RoslynAnalysisRunner will not be running.
RoslynAnalysisRunner has terminated.
Mono: successfully reloaded assembly
- Completed reload, in  3.159 seconds
Platform modules already initialized, skipping
Shader 'Universal Render Pipeline/Particles/Lit': fallback shader 'Universal Render Pipeline/Particles/SimpleLit' not found
Refreshing native plugins compatible for Editor in 1.73 ms, found 3 plugins.
Preloading 0 native plugins for Editor in 0.00 ms.
Unloading 3532 Unused Serialized files (Serialized files now loaded: 0)
System memory in use before: 176.6 MB.
System memory in use after: 175.7 MB.

Unloading 26 unused Assets to reduce memory usage. Loaded Objects now: 4244.
Total: 12.689400 ms (FindLiveObjects: 0.622500 ms CreateObjectMapping: 0.374700 ms MarkObjects: 10.379400 ms  DeleteObjects: 1.309700 ms)

========================================================================
Received Prepare
Registering precompiled user dll's ...
Registered in 0.012045 seconds.
Begin MonoManager ReloadAssembly
Native extension for WindowsStandalone target not found
Native extension for WebGL target not found
Refreshing native plugins compatible for Editor in 4.13 ms, found 3 plugins.
Preloading 0 native plugins for Editor in 0.00 ms.
Invoked RoslynAnalysisRunner static constructor.
RoslynAnalysisRunner will not be running.
RoslynAnalysisRunner has terminated.
Mono: successfully reloaded assembly
- Completed reload, in  5.306 seconds
Platform modules already initialized, skipping
Shader 'Universal Render Pipeline/Particles/Lit': fallback shader 'Universal Render Pipeline/Particles/SimpleLit' not found
Refreshing native plugins compatible for Editor in 0.84 ms, found 3 plugins.
Preloading 0 native plugins for Editor in 0.00 ms.
Unloading 3532 Unused Serialized files (Serialized files now loaded: 0)
System memory in use before: 176.6 MB.
System memory in use after: 175.7 MB.

Unloading 26 unused Assets to reduce memory usage. Loaded Objects now: 4246.
Total: 7.389000 ms (FindLiveObjects: 0.592600 ms CreateObjectMapping: 0.280600 ms MarkObjects: 4.804800 ms  DeleteObjects: 1.709200 ms)

========================================================================
Received Prepare
Registering precompiled user dll's ...
Registered in 0.027921 seconds.
Begin MonoManager ReloadAssembly
Native extension for WindowsStandalone target not found
Native extension for WebGL target not found
Refreshing native plugins compatible for Editor in 1.58 ms, found 3 plugins.
Preloading 0 native plugins for Editor in 0.00 ms.
Invoked RoslynAnalysisRunner static constructor.
RoslynAnalysisRunner will not be running.
RoslynAnalysisRunner has terminated.
Mono: successfully reloaded assembly
- Completed reload, in  3.237 seconds
Platform modules already initialized, skipping
Shader 'Universal Render Pipeline/Particles/Lit': fallback shader 'Universal Render Pipeline/Particles/SimpleLit' not found
Refreshing native plugins compatible for Editor in 6.42 ms, found 3 plugins.
Preloading 0 native plugins for Editor in 0.00 ms.
Unloading 3532 Unused Serialized files (Serialized files now loaded: 0)
System memory in use before: 176.6 MB.
System memory in use after: 175.7 MB.

Unloading 26 unused Assets to reduce memory usage. Loaded Objects now: 4248.
Total: 30.444800 ms (FindLiveObjects: 1.008900 ms CreateObjectMapping: 1.141100 ms MarkObjects: 24.520700 ms  DeleteObjects: 3.771100 ms)

========================================================================
Received Prepare
Registering precompiled user dll's ...
Registered in 0.010203 seconds.
Begin MonoManager ReloadAssembly
Native extension for WindowsStandalone target not found
Native extension for WebGL target not found
Refreshing native plugins compatible for Editor in 4.06 ms, found 3 plugins.
Preloading 0 native plugins for Editor in 0.00 ms.
Invoked RoslynAnalysisRunner static constructor.
RoslynAnalysisRunner will not be running.
RoslynAnalysisRunner has terminated.
Mono: successfully reloaded assembly
- Completed reload, in  2.984 seconds
Platform modules already initialized, skipping
Shader 'Universal Render Pipeline/Particles/Lit': fallback shader 'Universal Render Pipeline/Particles/SimpleLit' not found
Refreshing native plugins compatible for Editor in 1.62 ms, found 3 plugins.
Preloading 0 native plugins for Editor in 0.00 ms.
Unloading 3532 Unused Serialized files (Serialized files now loaded: 0)
System memory in use before: 176.6 MB.
System memory in use after: 175.7 MB.

Unloading 26 unused Assets to reduce memory usage. Loaded Objects now: 4250.
Total: 8.374300 ms (FindLiveObjects: 0.746600 ms CreateObjectMapping: 0.383000 ms MarkObjects: 6.001100 ms  DeleteObjects: 1.240700 ms)

========================================================================
Received Prepare
Registering precompiled user dll's ...
Registered in 0.008227 seconds.
Begin MonoManager ReloadAssembly
Native extension for WindowsStandalone target not found
Native extension for WebGL target not found
Refreshing native plugins compatible for Editor in 0.87 ms, found 3 plugins.
Preloading 0 native plugins for Editor in 0.00 ms.
Invoked RoslynAnalysisRunner static constructor.
RoslynAnalysisRunner will not be running.
RoslynAnalysisRunner has terminated.
Mono: successfully reloaded assembly
- Completed reload, in  2.768 seconds
Platform modules already initialized, skipping
Shader 'Universal Render Pipeline/Particles/Lit': fallback shader 'Universal Render Pipeline/Particles/SimpleLit' not found
Refreshing native plugins compatible for Editor in 1.65 ms, found 3 plugins.
Preloading 0 native plugins for Editor in 0.00 ms.
Unloading 3532 Unused Serialized files (Serialized files now loaded: 0)
System memory in use before: 176.6 MB.
System memory in use after: 175.7 MB.

Unloading 26 unused Assets to reduce memory usage. Loaded Objects now: 4252.
Total: 9.089400 ms (FindLiveObjects: 1.386600 ms CreateObjectMapping: 0.454700 ms MarkObjects: 5.778800 ms  DeleteObjects: 1.467400 ms)

========================================================================
Received Prepare
Registering precompiled user dll's ...
Registered in 0.012096 seconds.
Begin MonoManager ReloadAssembly
Native extension for WindowsStandalone target not found
Native extension for WebGL target not found
Refreshing native plugins compatible for Editor in 1.37 ms, found 3 plugins.
Preloading 0 native plugins for Editor in 0.00 ms.
Invoked RoslynAnalysisRunner static constructor.
RoslynAnalysisRunner will not be running.
RoslynAnalysisRunner has terminated.
Mono: successfully reloaded assembly
- Completed reload, in  2.895 seconds
Platform modules already initialized, skipping
Shader 'Universal Render Pipeline/Particles/Lit': fallback shader 'Universal Render Pipeline/Particles/SimpleLit' not found
Refreshing native plugins compatible for Editor in 1.18 ms, found 3 plugins.
Preloading 0 native plugins for Editor in 0.00 ms.
Unloading 3532 Unused Serialized files (Serialized files now loaded: 0)
System memory in use before: 176.6 MB.
System memory in use after: 175.7 MB.

Unloading 26 unused Assets to reduce memory usage. Loaded Objects now: 4254.
Total: 9.332400 ms (FindLiveObjects: 0.620100 ms CreateObjectMapping: 0.999600 ms MarkObjects: 6.227100 ms  DeleteObjects: 1.483700 ms)

========================================================================
Received Prepare
Registering precompiled user dll's ...
Registered in 0.020604 seconds.
Begin MonoManager ReloadAssembly
Native extension for WindowsStandalone target not found
Native extension for WebGL target not found
Refreshing native plugins compatible for Editor in 1.65 ms, found 3 plugins.
Preloading 0 native plugins for Editor in 0.00 ms.
Invoked RoslynAnalysisRunner static constructor.
RoslynAnalysisRunner will not be running.
RoslynAnalysisRunner has terminated.
Mono: successfully reloaded assembly
- Completed reload, in  2.931 seconds
Platform modules already initialized, skipping
Shader 'Universal Render Pipeline/Particles/Lit': fallback shader 'Universal Render Pipeline/Particles/SimpleLit' not found
Refreshing native plugins compatible for Editor in 1.74 ms, found 3 plugins.
Preloading 0 native plugins for Editor in 0.00 ms.
Unloading 3532 Unused Serialized files (Serialized files now loaded: 0)
System memory in use before: 176.6 MB.
System memory in use after: 175.7 MB.

Unloading 26 unused Assets to reduce memory usage. Loaded Objects now: 4256.
Total: 12.353800 ms (FindLiveObjects: 1.373700 ms CreateObjectMapping: 0.406600 ms MarkObjects: 8.063600 ms  DeleteObjects: 2.507100 ms)

========================================================================
Received Prepare
Registering precompiled user dll's ...
Registered in 0.006867 seconds.
Begin MonoManager ReloadAssembly
Native extension for WindowsStandalone target not found
Native extension for WebGL target not found
Refreshing native plugins compatible for Editor in 2.52 ms, found 3 plugins.
Preloading 0 native plugins for Editor in 0.00 ms.
Invoked RoslynAnalysisRunner static constructor.
RoslynAnalysisRunner will not be running.
RoslynAnalysisRunner has terminated.
Mono: successfully reloaded assembly
- Completed reload, in  3.107 seconds
Platform modules already initialized, skipping
Shader 'Universal Render Pipeline/Particles/Lit': fallback shader 'Universal Render Pipeline/Particles/SimpleLit' not found
Refreshing native plugins compatible for Editor in 1.71 ms, found 3 plugins.
Preloading 0 native plugins for Editor in 0.00 ms.
Unloading 3532 Unused Serialized files (Serialized files now loaded: 0)
System memory in use before: 176.6 MB.
System memory in use after: 175.7 MB.

Unloading 26 unused Assets to reduce memory usage. Loaded Objects now: 4258.
Total: 9.462200 ms (FindLiveObjects: 0.721500 ms CreateObjectMapping: 0.349100 ms MarkObjects: 6.644400 ms  DeleteObjects: 1.745300 ms)

========================================================================
Received Prepare
Registering precompiled user dll's ...
Registered in 0.006537 seconds.
Begin MonoManager ReloadAssembly
Native extension for WindowsStandalone target not found
Native extension for WebGL target not found
Refreshing native plugins compatible for Editor in 1.66 ms, found 3 plugins.
Preloading 0 native plugins for Editor in 0.00 ms.
Invoked RoslynAnalysisRunner static constructor.
RoslynAnalysisRunner will not be running.
RoslynAnalysisRunner has terminated.
Mono: successfully reloaded assembly
- Completed reload, in  3.562 seconds
Platform modules already initialized, skipping
Shader 'Universal Render Pipeline/Particles/Lit': fallback shader 'Universal Render Pipeline/Particles/SimpleLit' not found
Refreshing native plugins compatible for Editor in 1.78 ms, found 3 plugins.
Preloading 0 native plugins for Editor in 0.00 ms.
Unloading 3532 Unused Serialized files (Serialized files now loaded: 0)
System memory in use before: 176.6 MB.
System memory in use after: 175.7 MB.

Unloading 26 unused Assets to reduce memory usage. Loaded Objects now: 4260.
Total: 18.492200 ms (FindLiveObjects: 1.500700 ms CreateObjectMapping: 0.826800 ms MarkObjects: 14.213000 ms  DeleteObjects: 1.949100 ms)

========================================================================
Received Prepare
Registering precompiled user dll's ...
Registered in 0.013926 seconds.
Begin MonoManager ReloadAssembly
Native extension for WindowsStandalone target not found
Native extension for WebGL target not found
Refreshing native plugins compatible for Editor in 1.59 ms, found 3 plugins.
Preloading 0 native plugins for Editor in 0.00 ms.
Invoked RoslynAnalysisRunner static constructor.
RoslynAnalysisRunner will not be running.
RoslynAnalysisRunner has terminated.
Mono: successfully reloaded assembly
- Completed reload, in  3.066 seconds
Platform modules already initialized, skipping
Shader 'Universal Render Pipeline/Particles/Lit': fallback shader 'Universal Render Pipeline/Particles/SimpleLit' not found
Refreshing native plugins compatible for Editor in 0.87 ms, found 3 plugins.
Preloading 0 native plugins for Editor in 0.00 ms.
Unloading 3532 Unused Serialized files (Serialized files now loaded: 0)
System memory in use before: 176.6 MB.
System memory in use after: 175.7 MB.

Unloading 26 unused Assets to reduce memory usage. Loaded Objects now: 4262.
Total: 8.473000 ms (FindLiveObjects: 0.693000 ms CreateObjectMapping: 0.618700 ms MarkObjects: 5.705600 ms  DeleteObjects: 1.453900 ms)

========================================================================
Received Prepare
Registering precompiled user dll's ...
Registered in 0.012346 seconds.
Begin MonoManager ReloadAssembly
Native extension for WindowsStandalone target not found
Native extension for WebGL target not found
Refreshing native plugins compatible for Editor in 3.64 ms, found 3 plugins.
Preloading 0 native plugins for Editor in 0.00 ms.
Invoked RoslynAnalysisRunner static constructor.
RoslynAnalysisRunner will not be running.
RoslynAnalysisRunner has terminated.
Mono: successfully reloaded assembly
- Completed reload, in  5.056 seconds
Platform modules already initialized, skipping
Shader 'Universal Render Pipeline/Particles/Lit': fallback shader 'Universal Render Pipeline/Particles/SimpleLit' not found
Refreshing native plugins compatible for Editor in 1.74 ms, found 3 plugins.
Preloading 0 native plugins for Editor in 0.00 ms.
Unloading 3532 Unused Serialized files (Serialized files now loaded: 0)
System memory in use before: 176.7 MB.
System memory in use after: 175.8 MB.

Unloading 26 unused Assets to reduce memory usage. Loaded Objects now: 4264.
Total: 7.539800 ms (FindLiveObjects: 0.744300 ms CreateObjectMapping: 0.344400 ms MarkObjects: 4.726500 ms  DeleteObjects: 1.722000 ms)

========================================================================
Received Prepare
Registering precompiled user dll's ...
Registered in 0.011012 seconds.
Begin MonoManager ReloadAssembly
Native extension for WindowsStandalone target not found
Native extension for WebGL target not found
Refreshing native plugins compatible for Editor in 0.92 ms, found 3 plugins.
Preloading 0 native plugins for Editor in 0.00 ms.
Invoked RoslynAnalysisRunner static constructor.
RoslynAnalysisRunner will not be running.
RoslynAnalysisRunner has terminated.
Mono: successfully reloaded assembly
- Completed reload, in  2.548 seconds
Platform modules already initialized, skipping
Shader 'Universal Render Pipeline/Particles/Lit': fallback shader 'Universal Render Pipeline/Particles/SimpleLit' not found
Refreshing native plugins compatible for Editor in 0.85 ms, found 3 plugins.
Preloading 0 native plugins for Editor in 0.00 ms.
Unloading 3532 Unused Serialized files (Serialized files now loaded: 0)
System memory in use before: 176.7 MB.
System memory in use after: 175.8 MB.

Unloading 26 unused Assets to reduce memory usage. Loaded Objects now: 4266.
Total: 5.030400 ms (FindLiveObjects: 0.574900 ms CreateObjectMapping: 0.257600 ms MarkObjects: 3.323100 ms  DeleteObjects: 0.872900 ms)

AssetImportWorkerClient::OnTransportError - code=2 error=End of file
